<?xml version="1.0" encoding="UTF-8"?>
<testng-results ignored="0" total="2" passed="2" failed="0" skipped="0">
  <reporter-output>
  </reporter-output>
  <suite started-at="2024-02-10T14:16:42 CET" name="Surefire suite" finished-at="2024-02-10T14:17:26 CET" duration-ms="44146">
    <groups>
    </groups>
    <test started-at="2024-02-10T14:16:42 CET" name="Surefire test" finished-at="2024-02-10T14:17:26 CET" duration-ms="44146">
      <class name="org.selenium.FirstTestCase">
        <test-method signature="deleteItemFromCart() throws java.lang.Exception" started-at="2024-02-10T14:16:42 CET" name="deleteItemFromCart" finished-at="2024-02-10T14:17:01 CET" duration-ms="18987" status="PASS">
          <reporter-output>
          </reporter-output>
        </test-method> <!-- deleteItemFromCart -->
        <test-method signature="buyItemWithLogIn() throws javax.management.InstanceNotFoundException,java.lang.InterruptedException,java.io.IOException" started-at="2024-02-10T14:16:42 CET" name="buyItemWithLogIn" finished-at="2024-02-10T14:17:26 CET" duration-ms="44051" status="PASS">
          <reporter-output>
          </reporter-output>
        </test-method> <!-- buyItemWithLogIn -->
      </class> <!-- org.selenium.FirstTestCase -->
    </test> <!-- Surefire test -->
  </suite> <!-- Surefire suite -->
</testng-results>
