<?xml version="1.0" encoding="UTF-8"?>
<!-- Generated by org.testng.reporters.JUnitXMLReporter -->
<testsuite ignored="0" hostname="LAPTOP-KCTPGNVN" failures="0" tests="2" name="Surefire test" time="44.146" errors="0" timestamp="2024-02-10T14:17:26 CET">
  <testcase classname="org.selenium.FirstTestCase" name="deleteItemFromCart on deleteItemFromCart(org.selenium.FirstTestCase)" time="18.987"/>
  <testcase classname="org.selenium.FirstTestCase" name="buyItemWithLogIn on buyItemWithLogIn(org.selenium.FirstTestCase)" time="44.051"/>
</testsuite> <!-- Surefire test -->
